<?xml version="1.0" encoding="UTF-8"?>
<testsuite name="com.kimjinjoo.book.springboot.domain.posts.PostsRepositoryTest" tests="2" skipped="0" failures="0" errors="0" timestamp="2021-11-27T15:38:08" hostname="gimjinjuui-MacBookPro.local" time="0.031">
  <properties/>
  <testcase name="게시글저장_불러오기()" classname="com.kimjinjoo.book.springboot.domain.posts.PostsRepositoryTest" time="0.016"/>
  <testcase name="BaseTimeEntity_등록()" classname="com.kimjinjoo.book.springboot.domain.posts.PostsRepositoryTest" time="0.014"/>
  <system-out><![CDATA[2021-11-28 00:38:07.230  INFO 27749 --- [    Test worker] .b.t.c.SpringBootTestContextBootstrapper : Neither @ContextConfiguration nor @ContextHierarchy found for test class [com.kimjinjoo.book.springboot.domain.posts.PostsRepositoryTest], using SpringBootContextLoader
2021-11-28 00:38:07.230  INFO 27749 --- [    Test worker] o.s.t.c.support.AbstractContextLoader    : Could not detect default resource locations for test class [com.kimjinjoo.book.springboot.domain.posts.PostsRepositoryTest]: no resource found for suffixes {-context.xml, Context.groovy}.
2021-11-28 00:38:07.230  INFO 27749 --- [    Test worker] t.c.s.AnnotationConfigContextLoaderUtils : Could not detect default configuration classes for test class [com.kimjinjoo.book.springboot.domain.posts.PostsRepositoryTest]: PostsRepositoryTest does not declare any static, non-private, non-final, nested classes annotated with @Configuration.
2021-11-28 00:38:07.236  INFO 27749 --- [    Test worker] .b.t.c.SpringBootTestContextBootstrapper : Found @SpringBootConfiguration com.kimjinjoo.book.springboot.Application for test class com.kimjinjoo.book.springboot.domain.posts.PostsRepositoryTest
2021-11-28 00:38:07.238  INFO 27749 --- [    Test worker] .b.t.c.SpringBootTestContextBootstrapper : Loaded default TestExecutionListener class names from location [META-INF/spring.factories]: [org.springframework.security.test.context.support.WithSecurityContextTestExecutionListener, org.springframework.security.test.context.support.ReactorContextTestExecutionListener, org.springframework.boot.test.autoconfigure.restdocs.RestDocsTestExecutionListener, org.springframework.boot.test.autoconfigure.web.client.MockRestServiceServerResetTestExecutionListener, org.springframework.boot.test.autoconfigure.web.servlet.MockMvcPrintOnlyOnFailureTestExecutionListener, org.springframework.boot.test.autoconfigure.web.servlet.WebDriverTestExecutionListener, org.springframework.boot.test.autoconfigure.webservices.client.MockWebServiceServerTestExecutionListener, org.springframework.boot.test.mock.mockito.MockitoTestExecutionListener, org.springframework.boot.test.mock.mockito.ResetMocksTestExecutionListener, org.springframework.test.context.web.ServletTestExecutionListener, org.springframework.test.context.support.DirtiesContextBeforeModesTestExecutionListener, org.springframework.test.context.event.ApplicationEventsTestExecutionListener, org.springframework.test.context.support.DependencyInjectionTestExecutionListener, org.springframework.test.context.support.DirtiesContextTestExecutionListener, org.springframework.test.context.transaction.TransactionalTestExecutionListener, org.springframework.test.context.jdbc.SqlScriptsTestExecutionListener, org.springframework.test.context.event.EventPublishingTestExecutionListener]
2021-11-28 00:38:07.239  INFO 27749 --- [    Test worker] .b.t.c.SpringBootTestContextBootstrapper : Using TestExecutionListeners: [org.springframework.test.context.web.ServletTestExecutionListener@4a844bc2, org.springframework.test.context.support.DirtiesContextBeforeModesTestExecutionListener@5f42d37d, org.springframework.test.context.event.ApplicationEventsTestExecutionListener@44d7e422, org.springframework.boot.test.mock.mockito.MockitoTestExecutionListener@4cda6af6, org.springframework.boot.test.autoconfigure.SpringBootDependencyInjectionTestExecutionListener@2468e2f4, org.springframework.test.context.support.DirtiesContextTestExecutionListener@6d78043f, org.springframework.test.context.transaction.TransactionalTestExecutionListener@16751b46, org.springframework.test.context.jdbc.SqlScriptsTestExecutionListener@9674ea4, org.springframework.security.test.context.support.WithSecurityContextTestExecutionListener@6a7b623e, org.springframework.test.context.event.EventPublishingTestExecutionListener@470fdab2, org.springframework.security.test.context.support.ReactorContextTestExecutionListener@791e463e, org.springframework.boot.test.autoconfigure.restdocs.RestDocsTestExecutionListener@4abf35d7, org.springframework.boot.test.autoconfigure.web.client.MockRestServiceServerResetTestExecutionListener@7be4d42c, org.springframework.boot.test.autoconfigure.web.servlet.MockMvcPrintOnlyOnFailureTestExecutionListener@42875ba8, org.springframework.boot.test.autoconfigure.web.servlet.WebDriverTestExecutionListener@4923ca70, org.springframework.boot.test.autoconfigure.webservices.client.MockWebServiceServerTestExecutionListener@7a014f0e, org.springframework.boot.test.mock.mockito.ResetMocksTestExecutionListener@2799a1d6]

  .   ____          _            __ _ _
 /\\ / ___'_ __ _ _(_)_ __  __ _ \ \ \ \
( ( )\___ | '_ | '_| | '_ \/ _` | \ \ \ \
 \\/  ___)| |_)| | | | | || (_| |  ) ) ) )
  '  |____| .__|_| |_|_| |_\__, | / / / /
 =========|_|==============|___/=/_/_/_/
 :: Spring Boot ::                (v2.5.6)

2021-11-28 00:38:07.267  INFO 27749 --- [    Test worker] c.k.b.s.d.posts.PostsRepositoryTest      : Starting PostsRepositoryTest using Java 11.0.11 on gimjinjuui-MacBookPro.local with PID 27749 (started by jinjookim in /Users/jinjookim/Desktop/study/스프링부트와 aws로 혼자 구현하는 웹 서비스/freelec-springboot2-webservice)
2021-11-28 00:38:07.267  INFO 27749 --- [    Test worker] c.k.b.s.d.posts.PostsRepositoryTest      : No active profile set, falling back to default profiles: default
2021-11-28 00:38:07.435  INFO 27749 --- [    Test worker] .s.d.r.c.RepositoryConfigurationDelegate : Bootstrapping Spring Data JPA repositories in DEFAULT mode.
2021-11-28 00:38:07.447  INFO 27749 --- [    Test worker] .s.d.r.c.RepositoryConfigurationDelegate : Finished Spring Data repository scanning in 11 ms. Found 2 JPA repository interfaces.
2021-11-28 00:38:07.559  INFO 27749 --- [    Test worker] com.zaxxer.hikari.HikariDataSource       : HikariPool-2 - Starting...
2021-11-28 00:38:07.560  INFO 27749 --- [    Test worker] com.zaxxer.hikari.HikariDataSource       : HikariPool-2 - Start completed.
2021-11-28 00:38:07.595  INFO 27749 --- [    Test worker] o.hibernate.jpa.internal.util.LogHelper  : HHH000204: Processing PersistenceUnitInfo [name: default]
2021-11-28 00:38:07.600  INFO 27749 --- [    Test worker] org.hibernate.dialect.Dialect            : HHH000400: Using dialect: org.hibernate.dialect.H2Dialect
2021-11-28 00:38:07.651 DEBUG 27749 --- [    Test worker] org.hibernate.SQL                        : drop table if exists posts CASCADE 
2021-11-28 00:38:07.655 DEBUG 27749 --- [    Test worker] org.hibernate.SQL                        : drop table if exists user CASCADE 
2021-11-28 00:38:07.656 DEBUG 27749 --- [    Test worker] org.hibernate.SQL                        : create table posts (id bigint generated by default as identity, created_date timestamp, modified_date timestamp, author varchar(255), content TEXT not null, title varchar(500) not null, primary key (id))
2021-11-28 00:38:07.657 DEBUG 27749 --- [    Test worker] org.hibernate.SQL                        : create table user (id bigint generated by default as identity, created_date timestamp, modified_date timestamp, email varchar(255) not null, name varchar(255) not null, picture varchar(255), role varchar(255) not null, primary key (id))
2021-11-28 00:38:07.659  INFO 27749 --- [    Test worker] o.h.e.t.j.p.i.JtaPlatformInitiator       : HHH000490: Using JtaPlatform implementation: [org.hibernate.engine.transaction.jta.platform.internal.NoJtaPlatform]
2021-11-28 00:38:07.659  INFO 27749 --- [    Test worker] j.LocalContainerEntityManagerFactoryBean : Initialized JPA EntityManagerFactory for persistence unit 'default'
2021-11-28 00:38:07.752  WARN 27749 --- [    Test worker] JpaBaseConfiguration$JpaWebConfiguration : spring.jpa.open-in-view is enabled by default. Therefore, database queries may be performed during view rendering. Explicitly configure spring.jpa.open-in-view to disable this warning
2021-11-28 00:38:07.875  INFO 27749 --- [    Test worker] o.s.s.web.DefaultSecurityFilterChain     : Will secure any request with [org.springframework.security.web.context.request.async.WebAsyncManagerIntegrationFilter@107dd1ef, org.springframework.security.web.context.SecurityContextPersistenceFilter@4b85176e, org.springframework.security.web.header.HeaderWriterFilter@9ed01c1, org.springframework.security.web.authentication.logout.LogoutFilter@59fb3447, org.springframework.security.oauth2.client.web.OAuth2AuthorizationRequestRedirectFilter@629d95be, org.springframework.security.oauth2.client.web.OAuth2LoginAuthenticationFilter@56d5ca99, org.springframework.security.web.authentication.ui.DefaultLoginPageGeneratingFilter@1878206a, org.springframework.security.web.authentication.ui.DefaultLogoutPageGeneratingFilter@6ca2e2a3, org.springframework.security.web.savedrequest.RequestCacheAwareFilter@1f17ad72, org.springframework.security.web.servletapi.SecurityContextHolderAwareRequestFilter@7e154458, org.springframework.security.web.authentication.AnonymousAuthenticationFilter@629cbaec, org.springframework.security.web.session.SessionManagementFilter@1d8f7080, org.springframework.security.web.access.ExceptionTranslationFilter@212ebd19, org.springframework.security.web.access.intercept.FilterSecurityInterceptor@54751ad1]
2021-11-28 00:38:08.021  INFO 27749 --- [    Test worker] o.s.b.a.h2.H2ConsoleAutoConfiguration    : H2 console available at '/h2-console'. Database available at 'jdbc:h2:mem:testdb'
2021-11-28 00:38:08.047  INFO 27749 --- [    Test worker] o.s.b.a.w.s.WelcomePageHandlerMapping    : Adding welcome page template: index
2021-11-28 00:38:08.244  INFO 27749 --- [    Test worker] s.a.ScheduledAnnotationBeanPostProcessor : No TaskScheduler/ScheduledExecutorService bean found for scheduled processing
2021-11-28 00:38:08.244  INFO 27749 --- [    Test worker] c.k.b.s.d.posts.PostsRepositoryTest      : Started PostsRepositoryTest in 1.003 seconds (JVM running for 8.761)
2021-11-28 00:38:08.254 DEBUG 27749 --- [    Test worker] org.hibernate.SQL                        : insert into posts (id, created_date, modified_date, author, content, title) values (null, ?, ?, ?, ?, ?)
2021-11-28 00:38:08.254 TRACE 27749 --- [    Test worker] o.h.type.descriptor.sql.BasicBinder      : binding parameter [1] as [TIMESTAMP] - [2021-11-28T00:38:08.251344]
2021-11-28 00:38:08.254 TRACE 27749 --- [    Test worker] o.h.type.descriptor.sql.BasicBinder      : binding parameter [2] as [TIMESTAMP] - [2021-11-28T00:38:08.251344]
2021-11-28 00:38:08.254 TRACE 27749 --- [    Test worker] o.h.type.descriptor.sql.BasicBinder      : binding parameter [3] as [VARCHAR] - [jinjookim@naver.com]
2021-11-28 00:38:08.254 TRACE 27749 --- [    Test worker] o.h.type.descriptor.sql.BasicBinder      : binding parameter [4] as [VARCHAR] - [테스트 본문]
2021-11-28 00:38:08.255 TRACE 27749 --- [    Test worker] o.h.type.descriptor.sql.BasicBinder      : binding parameter [5] as [VARCHAR] - [테스트 게시글]
2021-11-28 00:38:08.257 DEBUG 27749 --- [    Test worker] org.hibernate.SQL                        : select posts0_.id as id1_0_, posts0_.created_date as created_2_0_, posts0_.modified_date as modified3_0_, posts0_.author as author4_0_, posts0_.content as content5_0_, posts0_.title as title6_0_ from posts posts0_
2021-11-28 00:38:08.260 DEBUG 27749 --- [    Test worker] org.hibernate.SQL                        : select posts0_.id as id1_0_, posts0_.created_date as created_2_0_, posts0_.modified_date as modified3_0_, posts0_.author as author4_0_, posts0_.content as content5_0_, posts0_.title as title6_0_ from posts posts0_
2021-11-28 00:38:08.261 DEBUG 27749 --- [    Test worker] org.hibernate.SQL                        : delete from posts where id=?
2021-11-28 00:38:08.261 TRACE 27749 --- [    Test worker] o.h.type.descriptor.sql.BasicBinder      : binding parameter [1] as [BIGINT] - [1]
2021-11-28 00:38:08.265 DEBUG 27749 --- [    Test worker] org.hibernate.SQL                        : insert into posts (id, created_date, modified_date, author, content, title) values (null, ?, ?, ?, ?, ?)
2021-11-28 00:38:08.265 TRACE 27749 --- [    Test worker] o.h.type.descriptor.sql.BasicBinder      : binding parameter [1] as [TIMESTAMP] - [2021-11-28T00:38:08.264978]
2021-11-28 00:38:08.265 TRACE 27749 --- [    Test worker] o.h.type.descriptor.sql.BasicBinder      : binding parameter [2] as [TIMESTAMP] - [2021-11-28T00:38:08.264978]
2021-11-28 00:38:08.265 TRACE 27749 --- [    Test worker] o.h.type.descriptor.sql.BasicBinder      : binding parameter [3] as [VARCHAR] - [author]
2021-11-28 00:38:08.265 TRACE 27749 --- [    Test worker] o.h.type.descriptor.sql.BasicBinder      : binding parameter [4] as [VARCHAR] - [content]
2021-11-28 00:38:08.265 TRACE 27749 --- [    Test worker] o.h.type.descriptor.sql.BasicBinder      : binding parameter [5] as [VARCHAR] - [title]
2021-11-28 00:38:08.266 DEBUG 27749 --- [    Test worker] org.hibernate.SQL                        : select posts0_.id as id1_0_, posts0_.created_date as created_2_0_, posts0_.modified_date as modified3_0_, posts0_.author as author4_0_, posts0_.content as content5_0_, posts0_.title as title6_0_ from posts posts0_
>>>>>>>>>>>> createDate = 2021-11-28T00:38:08.264978, modifiedDate = 2021-11-28T00:38:08.264978
2021-11-28 00:38:08.275 DEBUG 27749 --- [    Test worker] org.hibernate.SQL                        : select posts0_.id as id1_0_, posts0_.created_date as created_2_0_, posts0_.modified_date as modified3_0_, posts0_.author as author4_0_, posts0_.content as content5_0_, posts0_.title as title6_0_ from posts posts0_
2021-11-28 00:38:08.276 DEBUG 27749 --- [    Test worker] org.hibernate.SQL                        : delete from posts where id=?
2021-11-28 00:38:08.276 TRACE 27749 --- [    Test worker] o.h.type.descriptor.sql.BasicBinder      : binding parameter [1] as [BIGINT] - [2]
]]></system-out>
  <system-err><![CDATA[]]></system-err>
</testsuite>
