<?xml version="1.0" encoding="UTF-8"?>
<testsuite name="com.kimjinjoo.book.springboot.web.dto.HelloResponseDtoTest" tests="1" skipped="0" failures="0" errors="0" timestamp="2021-11-27T15:38:07" hostname="gimjinjuui-MacBookPro.local" time="0.004">
  <properties/>
  <testcase name="롬복_기능_테스트()" classname="com.kimjinjoo.book.springboot.web.dto.HelloResponseDtoTest" time="0.004"/>
  <system-out><![CDATA[]]></system-out>
  <system-err><![CDATA[]]></system-err>
</testsuite>
